2020-08-30 17:00:17: CF-22a: NRM  0 (Up): Red
2020-08-30 17:04:41: CF-25a: NRM  0 (Up): Unacceptable slop on up/down motor moving from  -31 to -44315 at speed  80000000.    Target position: -44315  Current position: -4471    Execution has been paused. Please check machine.
2020-08-30 17:06:48: CF-25a: NRM  0 (Up): Hargraves Magnetometer is now operating at code Blue  
2020-08-30 17:10:28: CF-27a: NRM  0 (Up): Red
2020-08-30 18:10:00: CF-62a: NRM  0 (Up): Red
2020-08-30 19:22:48: CF-25a: NRM  0 (Dn): Unacceptable slop on up/down motor moving from  -31 to -44307 at speed  80000000.    Target position: -44307  Current position: -4560    Execution has been paused. Please check machine.
2020-08-30 20:12:33: CF-25a: NRM  0 (Dn): Hargraves Magnetometer is now operating at code Blue  
2020-09-01 15:03:14: CF-20a: TT  100 (Up): Red
2020-09-01 15:10:01: CF-22a: TT  100 (Up): Red
2020-09-01 15:13:46: CF-24a: TT  100 (Up): Red
2020-09-01 15:19:08: CF-27a: TT  100 (Up): Red
2020-09-01 16:44:21: CF-12a: TT  100 (Dn): Red
2020-09-01 17:01:32: CF-21a: TT  100 (Dn): Red
2020-09-01 17:29:58: CF-39a: TT  100 (Dn): Red
2020-09-05 15:15:45: CF-44a: TT  200 (Up): Unacceptable slop on up/down motor moving from  -40 to -44483 at speed  80000000.    Target position: -44483  Current position: -27964    Execution has been paused. Please check machine.
2020-09-05 15:38:54: CF-44a: TT  200 (Up): Hargraves Magnetometer is now operating at code Blue  
2020-09-05 15:39:38: CF-44a: TT  200 (Up): Homed to top but did not hit switch.
2020-09-05 15:39:44: CF-44a: TT  200 (Up): Hargraves Magnetometer is now operating at code Blue  
2020-09-05 16:15:15: CF-2a: TT  200 (Dn): Red
2020-09-05 16:37:52: CF-19a: TT  200 (Dn): Red
2020-09-05 17:03:16: CF-37a: TT  200 (Dn): Unacceptable slop on up/down motor moving from  -44 to -44564 at speed  80000000.    Target position: -44564  Current position: -5041    Execution has been paused. Please check machine.
2020-09-05 17:18:30: CF-37a: TT  200 (Dn): Hargraves Magnetometer is now operating at code Blue  
2020-09-05 17:19:59: CF-37a: TT  200 (Dn): Homed to top but did not hit switch.
2020-09-05 17:20:03: CF-37a: TT  200 (Dn): Hargraves Magnetometer is now operating at code Blue  
2020-09-05 17:20:06: CF-37a: TT  200 (Dn): Homed to top but did not hit switch.
2020-09-05 17:20:08: CF-37a: TT  200 (Dn): Hargraves Magnetometer is now operating at code Blue  
2020-09-05 17:20:39: CF-37a: TT  200 (Dn): Homed to top but did not hit switch.
2020-09-05 17:20:42: CF-37a: TT  200 (Dn): Hargraves Magnetometer is now operating at code Blue  
2020-09-05 17:20:46: CF-37a: TT  200 (Dn): Homed to top but did not hit switch.
2020-09-05 17:20:48: CF-37a: TT  200 (Dn): Hargraves Magnetometer is now operating at code Blue  
2020-09-05 17:40:25: CF-50a: TT  200 (Dn): Red
2020-09-05 17:51:35: CF-44a: TT  200 (Up): Unacceptable slop on up/down motor moving from  -42 to -44493 at speed  80000000.    Target position: -44493  Current position: -4945    Execution has been paused. Please check machine.
2020-09-05 17:51:46: CF-44a: TT  200 (Up): Hargraves Magnetometer is now operating at code Blue  
2020-09-05 17:59:08: CF-44a: TT  200 (Dn): Unacceptable slop on up/down motor moving from  -43 to -44482 at speed  80000000.    Target position: -44482  Current position: -4823    Execution has been paused. Please check machine.
2020-09-05 17:59:21: CF-44a: TT  200 (Dn): Hargraves Magnetometer is now operating at code Blue  
2020-09-06 16:11:15: CF-22a: : Homed to top but did not hit switch.
2020-09-06 16:21:43: CF-22a: : Hargraves Magnetometer is now operating at code Blue  
2020-09-06 16:22:06: CF-23a: : Homed to top but did not hit switch.
2020-09-06 16:33:34: CF-23a: : Hargraves Magnetometer is now operating at code Blue  
2020-09-06 17:31:35: CF-22a: : Homed to top but did not hit switch.
2020-09-06 17:33:57: CF-22a: : Hargraves Magnetometer is now operating at code Blue  
2020-09-06 17:35:15: CF-23a: : Homed to top but did not hit switch.
2020-09-06 17:39:21: CF-23a: : Hargraves Magnetometer is now operating at code Blue  
2020-09-06 17:40:43: CF-24a: : Homed to top but did not hit switch.
2020-09-06 17:41:40: CF-24a: : Hargraves Magnetometer is now operating at code Blue  
2020-09-06 17:43:01: CF-25a: : Homed to top but did not hit switch.
2020-09-06 17:44:37: CF-25a: : Hargraves Magnetometer is now operating at code Blue  
2020-09-06 17:46:07: CF-26a: : Homed to top but did not hit switch.
2020-09-06 17:46:29: CF-26a: : Hargraves Magnetometer is now operating at code Blue  
2020-09-06 18:20:02: CF-46a: TT  300 (Up): Red
2020-09-06 18:20:43: CF-46a: TT  300 (Up): Red
2020-09-06 18:45:09: CF-1a: TT  300 (Dn): Red
2020-09-15 14:01:57: CF-2a: TT  400 (Up): Red
2020-09-15 14:05:43: CF-4a: TT  400 (Up): Red
2020-09-15 14:36:41: CF-22a: TT  400 (Up): Red
2020-09-15 14:45:21: CF-27a: TT  400 (Up): Red
2020-09-15 15:09:12: CF-43a: TT  400 (Up): Red
2020-09-15 16:00:12: CF-11a: TT  400 (Dn): Red
2020-09-15 16:05:33: CF-14a: TT  400 (Dn): Red
2020-09-15 16:53:29: CF-44a: TT  400 (Dn): Unacceptable slop on up/down motor moving from  -30 to -44117 at speed  80000000.    Target position: -44117  Current position: -27378    Execution has been paused. Please check machine.
2020-09-15 17:11:52: CF-44a: TT  400 (Dn): Hargraves Magnetometer is now operating at code Blue  
2020-09-15 17:15:55: CF-46a: TT  400 (Dn): Red
2020-09-17 20:53:17: CF-4a: TT  450 (Up): Red
2020-09-17 21:49:36: CF-37a: TT  450 (Up): Red
2020-09-17 22:57:11: CF-16a: TT  450 (Dn): Red
2020-09-17 23:02:24: CF-19a: TT  450 (Dn): Red
2020-09-17 23:30:35: CF-35a: TT  450 (Dn): Red
2020-09-19 13:20:01: CF-2a: TT  500 (Up): Red
2020-09-19 14:36:12: CF-48a: TT  500 (Up): Red
2020-09-19 15:03:35: CF-5a: TT  500 (Dn): Red
2020-09-19 15:40:09: CF-26a: TT  500 (Dn): Red
2020-09-19 15:53:13: CF-35a: TT  500 (Dn): Unacceptable slop on up/down motor moving from  -35 to -43971 at speed  80000000.    Target position: -43971  Current position: -3329    Execution has been paused. Please check machine.
2020-09-19 16:00:14: CF-35a: TT  500 (Dn): Hargraves Magnetometer is now operating at code Blue  
2020-09-19 16:00:44: CF-35a: TT  500 (Dn): Unacceptable slop on up/down motor moving from  -3329 to -90271 at speed  30000000.    Target position: -90271  Current position: -13733    Execution has been paused. Please check machine.
2020-09-19 16:00:49: CF-35a: TT  500 (Dn): Hargraves Magnetometer is now operating at code Blue  
2020-09-19 16:01:12: CF-35a: TT  500 (Dn): Homed to top but did not hit switch.
2020-09-19 16:02:11: CF-35a: TT  500 (Dn): Hargraves Magnetometer is now operating at code Blue  
2020-09-19 18:59:21: CF-27a: TT  525 (Up): Red
2020-09-19 20:42:33: CF-28a: TT  525 (Dn): Unacceptable slop on up/down motor moving from  -26 to -44270 at speed  80000000.    Target position: -44270  Current position: -3684    Execution has been paused. Please check machine.
2020-09-19 21:28:25: CF-28a: TT  525 (Dn): Hargraves Magnetometer is now operating at code Blue  
2020-09-19 21:37:37: CF-30a: TT  525 (Dn): Unacceptable slop on up/down motor moving from  -36 to -44136 at speed  80000000.    Target position: -44136  Current position: -4024    Execution has been paused. Please check machine.
2020-09-20 11:53:46: CF-30a: TT  525 (Dn): Hargraves Magnetometer is now operating at code Blue  
2020-09-20 11:56:54: CF-31a: TT  525 (Dn): Red
2020-09-20 12:02:48: CF-37a: TT  525 (Dn): Red
2020-09-20 12:12:07: CF-43a: TT  525 (Dn): Red
2020-09-22 13:42:20: CF-4a: TT  550 (Up): Red
2020-09-22 13:47:24: CF-7a: TT  550 (Up): Red
2020-09-22 13:58:38: CF-12a: TT  550 (Up): Red
2020-09-22 14:02:24: CF-14a: TT  550 (Up): Red
2020-09-22 14:09:07: CF-18a: TT  550 (Up): Red
2020-09-22 14:29:42: CF-29a: TT  550 (Up): Red
2020-09-22 14:42:53: CF-37a: TT  550 (Up): Red
2020-09-22 14:47:09: CF-39a: TT  550 (Up): Red
2020-09-22 14:58:47: CF-45a: TT  550 (Up): Red
2020-09-22 15:08:28: CF-50a: TT  550 (Up): Red
2020-09-22 15:36:24: CF-5a: TT  550 (Dn): Red
2020-09-22 15:54:02: CF-15a: TT  550 (Dn): Red
2020-09-22 16:18:57: CF-29a: TT  550 (Dn): Red
2020-09-22 17:13:18: CF-15a: TT  550 (Up): Red
2020-09-24 18:19:43: CF-4a: TT  560 (Up): Red
2020-09-24 18:19:44: CF-4a: TT  560 (Up): Red
2020-09-24 19:03:45: CF-29a: TT  560 (Up): Red
2020-09-24 19:16:56: CF-37a: TT  560 (Up): Red
2020-09-24 19:21:09: CF-39a: TT  560 (Up): Red
2020-09-24 19:25:14: CF-41a: TT  560 (Up): Red
2020-09-24 19:32:46: CF-45a: TT  560 (Up): Red
2020-09-24 20:01:55: CF-4a: TT  560 (Dn): Red
2020-09-24 20:15:01: CF-11a: TT  560 (Dn): Red
2020-09-26 12:50:06: CF-2a: TT  570 (Up): Red
2020-09-26 12:50:07: CF-2a: TT  570 (Up): Red
2020-09-26 12:53:52: CF-4a: TT  570 (Up): Red
2020-09-26 13:37:11: CF-29a: TT  570 (Up): Red
2020-09-26 13:53:03: CF-39a: TT  570 (Up): Red
2020-09-26 13:53:04: CF-39a: TT  570 (Up): Red
2020-09-26 14:04:00: CF-45a: TT  570 (Up): Red
2020-09-26 14:51:22: CF-11a: TT  570 (Dn): Red
2020-09-26 14:55:18: CF-13a: TT  570 (Dn): Red
2020-09-27 12:03:52: CF-2a: TT  580 (Up): Red
2020-09-27 12:07:38: CF-4a: TT  580 (Up): Red
2020-09-27 12:07:39: CF-4a: TT  580 (Up): Red
2020-09-27 12:32:11: CF-18a: TT  580 (Up): Red
2020-09-27 13:06:57: CF-39a: TT  580 (Up): Red
2020-09-27 13:06:58: CF-39a: TT  580 (Up): Red
2020-09-27 13:41:22: CF-2a: TT  580 (Dn): Red
2020-09-27 13:45:05: CF-4a: TT  580 (Dn): Red
2020-09-27 13:48:41: CF-6a: TT  580 (Dn): Red
2020-09-27 14:24:31: CF-26a: TT  580 (Dn): Red
2020-09-27 14:42:14: CF-37a: TT  580 (Dn): Red
2020-09-27 14:46:31: CF-39a: TT  580 (Dn): Red
2020-10-03 12:13:50: CF-10a: TT  590 (Up): Red
2020-10-03 13:04:17: CF-39a: TT  590 (Up): Red
2020-10-03 14:06:43: CF-19a: TT  590 (Dn): Red
2020-10-03 14:46:16: CF-43a: TT  590 (Dn): Red
2020-10-03 14:47:05: CF-43a: TT  590 (Dn): Red
2020-10-07 21:22:12: CF-1a: TT  600 (Dn): Error writing backup file c:\Dropbox\Hargraves_Data\Keweenawan\Cutface\\2020_thermal_demag_1
2020-10-07 21:22:13: CF-1a: TT  600 (Dn): Error writing backup file c:\Dropbox\Hargraves_Data\Keweenawan\Cutface\\2020_thermal_demag_1
2020-10-07 21:23:47: CF-2a: TT  600 (Dn): Error writing backup file c:\Dropbox\Hargraves_Data\Keweenawan\Cutface\\2020_thermal_demag_1
2020-10-07 21:23:48: CF-2a: TT  600 (Dn): Error writing backup file c:\Dropbox\Hargraves_Data\Keweenawan\Cutface\\2020_thermal_demag_1
2020-10-07 21:26:11: CF-3a: TT  600 (Dn): Error writing backup file c:\Dropbox\Hargraves_Data\Keweenawan\Cutface\\2020_thermal_demag_1
2020-10-07 21:26:12: CF-3a: TT  600 (Dn): Error writing backup file c:\Dropbox\Hargraves_Data\Keweenawan\Cutface\\2020_thermal_demag_1
2020-10-07 21:27:39: CF-4a: TT  600 (Dn): Error writing backup file c:\Dropbox\Hargraves_Data\Keweenawan\Cutface\\2020_thermal_demag_1
2020-10-07 21:27:40: CF-4a: TT  600 (Dn): Error writing backup file c:\Dropbox\Hargraves_Data\Keweenawan\Cutface\\2020_thermal_demag_1
2020-10-07 21:29:03: CF-5a: TT  600 (Dn): Error writing backup file c:\Dropbox\Hargraves_Data\Keweenawan\Cutface\\2020_thermal_demag_1
2020-10-07 21:29:04: CF-5a: TT  600 (Dn): Error writing backup file c:\Dropbox\Hargraves_Data\Keweenawan\Cutface\\2020_thermal_demag_1
2020-10-07 21:30:29: CF-6a: TT  600 (Dn): Error writing backup file c:\Dropbox\Hargraves_Data\Keweenawan\Cutface\\2020_thermal_demag_1
2020-10-07 21:30:31: CF-6a: TT  600 (Dn): Error writing backup file c:\Dropbox\Hargraves_Data\Keweenawan\Cutface\\2020_thermal_demag_1
2020-10-07 21:31:56: CF-7a: TT  600 (Dn): Error writing backup file c:\Dropbox\Hargraves_Data\Keweenawan\Cutface\\2020_thermal_demag_1
2020-10-07 21:31:57: CF-7a: TT  600 (Dn): Error writing backup file c:\Dropbox\Hargraves_Data\Keweenawan\Cutface\\2020_thermal_demag_1
2020-10-07 21:33:24: CF-8a: TT  600 (Dn): Error writing backup file c:\Dropbox\Hargraves_Data\Keweenawan\Cutface\\2020_thermal_demag_1
2020-10-07 21:33:25: CF-8a: TT  600 (Dn): Error writing backup file c:\Dropbox\Hargraves_Data\Keweenawan\Cutface\\2020_thermal_demag_1
2020-10-07 21:34:54: CF-9a: TT  600 (Dn): Error writing backup file c:\Dropbox\Hargraves_Data\Keweenawan\Cutface\\2020_thermal_demag_1
2020-10-07 21:34:56: CF-9a: TT  600 (Dn): Error writing backup file c:\Dropbox\Hargraves_Data\Keweenawan\Cutface\\2020_thermal_demag_1
2020-10-07 21:36:29: CF-10a: TT  600 (Dn): Error writing backup file c:\Dropbox\Hargraves_Data\Keweenawan\Cutface\\2020_thermal_demag_1
2020-10-07 21:36:30: CF-10a: TT  600 (Dn): Error writing backup file c:\Dropbox\Hargraves_Data\Keweenawan\Cutface\\2020_thermal_demag_1
2020-10-07 21:40:10: CF-11a: TT  600 (Dn): Error writing backup file c:\Dropbox\Hargraves_Data\Keweenawan\Cutface\\2020_thermal_demag_1
2020-10-07 21:40:12: CF-11a: TT  600 (Dn): Error writing backup file c:\Dropbox\Hargraves_Data\Keweenawan\Cutface\\2020_thermal_demag_1
2020-10-07 21:41:45: CF-12a: TT  600 (Dn): Error writing backup file c:\Dropbox\Hargraves_Data\Keweenawan\Cutface\\2020_thermal_demag_1
2020-10-07 21:41:48: CF-12a: TT  600 (Dn): Error writing backup file c:\Dropbox\Hargraves_Data\Keweenawan\Cutface\\2020_thermal_demag_1
2020-10-07 21:43:20: CF-13a: TT  600 (Dn): Error writing backup file c:\Dropbox\Hargraves_Data\Keweenawan\Cutface\\2020_thermal_demag_1
2020-10-07 21:43:21: CF-13a: TT  600 (Dn): Error writing backup file c:\Dropbox\Hargraves_Data\Keweenawan\Cutface\\2020_thermal_demag_1
2020-10-07 21:44:48: CF-14a: TT  600 (Dn): Error writing backup file c:\Dropbox\Hargraves_Data\Keweenawan\Cutface\\2020_thermal_demag_1
2020-10-07 21:44:50: CF-14a: TT  600 (Dn): Error writing backup file c:\Dropbox\Hargraves_Data\Keweenawan\Cutface\\2020_thermal_demag_1
2020-10-07 21:46:18: CF-15a: TT  600 (Dn): Error writing backup file c:\Dropbox\Hargraves_Data\Keweenawan\Cutface\\2020_thermal_demag_1
2020-10-07 21:46:19: CF-15a: TT  600 (Dn): Error writing backup file c:\Dropbox\Hargraves_Data\Keweenawan\Cutface\\2020_thermal_demag_1
2020-10-07 21:47:51: CF-16a: TT  600 (Dn): Error writing backup file c:\Dropbox\Hargraves_Data\Keweenawan\Cutface\\2020_thermal_demag_1
2020-10-07 21:47:53: CF-16a: TT  600 (Dn): Error writing backup file c:\Dropbox\Hargraves_Data\Keweenawan\Cutface\\2020_thermal_demag_1
2020-10-07 21:49:25: CF-17a: TT  600 (Dn): Error writing backup file c:\Dropbox\Hargraves_Data\Keweenawan\Cutface\\2020_thermal_demag_1
2020-10-07 21:49:26: CF-17a: TT  600 (Dn): Error writing backup file c:\Dropbox\Hargraves_Data\Keweenawan\Cutface\\2020_thermal_demag_1
2020-10-07 21:50:56: CF-18a: TT  600 (Dn): Error writing backup file c:\Dropbox\Hargraves_Data\Keweenawan\Cutface\\2020_thermal_demag_1
2020-10-07 21:50:57: CF-18a: TT  600 (Dn): Error writing backup file c:\Dropbox\Hargraves_Data\Keweenawan\Cutface\\2020_thermal_demag_1
2020-10-07 21:52:25: CF-19a: TT  600 (Dn): Error writing backup file c:\Dropbox\Hargraves_Data\Keweenawan\Cutface\\2020_thermal_demag_1
2020-10-07 21:52:26: CF-19a: TT  600 (Dn): Error writing backup file c:\Dropbox\Hargraves_Data\Keweenawan\Cutface\\2020_thermal_demag_1
2020-10-07 21:53:58: CF-20a: TT  600 (Dn): Error writing backup file c:\Dropbox\Hargraves_Data\Keweenawan\Cutface\\2020_thermal_demag_1
2020-10-07 21:53:59: CF-20a: TT  600 (Dn): Error writing backup file c:\Dropbox\Hargraves_Data\Keweenawan\Cutface\\2020_thermal_demag_1
2020-10-07 21:58:23: CF-21a: TT  600 (Dn): Error writing backup file c:\Dropbox\Hargraves_Data\Keweenawan\Cutface\\2020_thermal_demag_1
2020-10-07 21:58:24: CF-21a: TT  600 (Dn): Error writing backup file c:\Dropbox\Hargraves_Data\Keweenawan\Cutface\\2020_thermal_demag_1
2020-10-07 21:59:57: CF-22a: TT  600 (Dn): Error writing backup file c:\Dropbox\Hargraves_Data\Keweenawan\Cutface\\2020_thermal_demag_1
2020-10-07 21:59:58: CF-22a: TT  600 (Dn): Error writing backup file c:\Dropbox\Hargraves_Data\Keweenawan\Cutface\\2020_thermal_demag_1
2020-10-07 22:01:27: CF-23a: TT  600 (Dn): Error writing backup file c:\Dropbox\Hargraves_Data\Keweenawan\Cutface\\2020_thermal_demag_1
2020-10-07 22:01:29: CF-23a: TT  600 (Dn): Error writing backup file c:\Dropbox\Hargraves_Data\Keweenawan\Cutface\\2020_thermal_demag_1
2020-10-07 22:03:00: CF-24a: TT  600 (Dn): Error writing backup file c:\Dropbox\Hargraves_Data\Keweenawan\Cutface\\2020_thermal_demag_1
2020-10-07 22:03:01: CF-24a: TT  600 (Dn): Error writing backup file c:\Dropbox\Hargraves_Data\Keweenawan\Cutface\\2020_thermal_demag_1
2020-10-07 22:04:36: CF-25a: TT  600 (Dn): Error writing backup file c:\Dropbox\Hargraves_Data\Keweenawan\Cutface\\2020_thermal_demag_1
2020-10-07 22:04:37: CF-25a: TT  600 (Dn): Error writing backup file c:\Dropbox\Hargraves_Data\Keweenawan\Cutface\\2020_thermal_demag_1
2020-10-07 22:06:14: CF-26a: TT  600 (Dn): Error writing backup file c:\Dropbox\Hargraves_Data\Keweenawan\Cutface\\2020_thermal_demag_1
2020-10-07 22:06:16: CF-26a: TT  600 (Dn): Error writing backup file c:\Dropbox\Hargraves_Data\Keweenawan\Cutface\\2020_thermal_demag_1
2020-10-07 22:07:52: CF-27a: TT  600 (Dn): Error writing backup file c:\Dropbox\Hargraves_Data\Keweenawan\Cutface\\2020_thermal_demag_1
2020-10-07 22:07:53: CF-27a: TT  600 (Dn): Error writing backup file c:\Dropbox\Hargraves_Data\Keweenawan\Cutface\\2020_thermal_demag_1
2020-10-07 22:09:25: CF-28a: TT  600 (Dn): Error writing backup file c:\Dropbox\Hargraves_Data\Keweenawan\Cutface\\2020_thermal_demag_1
2020-10-07 22:09:26: CF-28a: TT  600 (Dn): Error writing backup file c:\Dropbox\Hargraves_Data\Keweenawan\Cutface\\2020_thermal_demag_1
2020-10-07 22:10:56: CF-29a: TT  600 (Dn): Error writing backup file c:\Dropbox\Hargraves_Data\Keweenawan\Cutface\\2020_thermal_demag_1
2020-10-07 22:10:57: CF-29a: TT  600 (Dn): Error writing backup file c:\Dropbox\Hargraves_Data\Keweenawan\Cutface\\2020_thermal_demag_1
2020-10-07 22:12:34: CF-30a: TT  600 (Dn): Error writing backup file c:\Dropbox\Hargraves_Data\Keweenawan\Cutface\\2020_thermal_demag_1
2020-10-07 22:12:35: CF-30a: TT  600 (Dn): Error writing backup file c:\Dropbox\Hargraves_Data\Keweenawan\Cutface\\2020_thermal_demag_1
2020-10-07 22:16:15: CF-31a: TT  600 (Dn): Error writing backup file c:\Dropbox\Hargraves_Data\Keweenawan\Cutface\\2020_thermal_demag_1
2020-10-07 22:16:16: CF-31a: TT  600 (Dn): Error writing backup file c:\Dropbox\Hargraves_Data\Keweenawan\Cutface\\2020_thermal_demag_1
2020-10-07 22:17:52: CF-33a: TT  600 (Dn): Error writing backup file c:\Dropbox\Hargraves_Data\Keweenawan\Cutface\\2020_thermal_demag_1
2020-10-07 22:17:53: CF-33a: TT  600 (Dn): Error writing backup file c:\Dropbox\Hargraves_Data\Keweenawan\Cutface\\2020_thermal_demag_1
2020-10-07 22:19:27: CF-35a: TT  600 (Dn): Error writing backup file c:\Dropbox\Hargraves_Data\Keweenawan\Cutface\\2020_thermal_demag_1
2020-10-07 22:19:28: CF-35a: TT  600 (Dn): Error writing backup file c:\Dropbox\Hargraves_Data\Keweenawan\Cutface\\2020_thermal_demag_1
2020-10-07 22:21:06: CF-36a: TT  600 (Dn): Error writing backup file c:\Dropbox\Hargraves_Data\Keweenawan\Cutface\\2020_thermal_demag_1
2020-10-07 22:21:07: CF-36a: TT  600 (Dn): Error writing backup file c:\Dropbox\Hargraves_Data\Keweenawan\Cutface\\2020_thermal_demag_1
2020-10-07 22:22:49: CF-37a: TT  600 (Dn): Error writing backup file c:\Dropbox\Hargraves_Data\Keweenawan\Cutface\\2020_thermal_demag_1
2020-10-07 22:22:50: CF-37a: TT  600 (Dn): Error writing backup file c:\Dropbox\Hargraves_Data\Keweenawan\Cutface\\2020_thermal_demag_1
2020-10-07 22:24:34: CF-38a: TT  600 (Dn): Error writing backup file c:\Dropbox\Hargraves_Data\Keweenawan\Cutface\\2020_thermal_demag_1
2020-10-07 22:24:35: CF-38a: TT  600 (Dn): Error writing backup file c:\Dropbox\Hargraves_Data\Keweenawan\Cutface\\2020_thermal_demag_1
2020-10-07 22:26:20: CF-39a: TT  600 (Dn): Error writing backup file c:\Dropbox\Hargraves_Data\Keweenawan\Cutface\\2020_thermal_demag_1
2020-10-07 22:26:21: CF-39a: TT  600 (Dn): Error writing backup file c:\Dropbox\Hargraves_Data\Keweenawan\Cutface\\2020_thermal_demag_1
2020-10-07 22:28:02: CF-40a: TT  600 (Dn): Error writing backup file c:\Dropbox\Hargraves_Data\Keweenawan\Cutface\\2020_thermal_demag_1
2020-10-07 22:28:04: CF-40a: TT  600 (Dn): Error writing backup file c:\Dropbox\Hargraves_Data\Keweenawan\Cutface\\2020_thermal_demag_1
2020-10-07 22:29:42: CF-41a: TT  600 (Dn): Error writing backup file c:\Dropbox\Hargraves_Data\Keweenawan\Cutface\\2020_thermal_demag_1
2020-10-07 22:29:44: CF-41a: TT  600 (Dn): Error writing backup file c:\Dropbox\Hargraves_Data\Keweenawan\Cutface\\2020_thermal_demag_1
2020-10-07 22:31:19: CF-43a: TT  600 (Dn): Error writing backup file c:\Dropbox\Hargraves_Data\Keweenawan\Cutface\\2020_thermal_demag_1
2020-10-07 22:31:20: CF-43a: TT  600 (Dn): Error writing backup file c:\Dropbox\Hargraves_Data\Keweenawan\Cutface\\2020_thermal_demag_1
2020-10-07 22:34:57: CF-44a: TT  600 (Dn): Error writing backup file c:\Dropbox\Hargraves_Data\Keweenawan\Cutface\\2020_thermal_demag_1
2020-10-07 22:34:59: CF-44a: TT  600 (Dn): Error writing backup file c:\Dropbox\Hargraves_Data\Keweenawan\Cutface\\2020_thermal_demag_1
2020-10-07 22:36:36: CF-45a: TT  600 (Dn): Error writing backup file c:\Dropbox\Hargraves_Data\Keweenawan\Cutface\\2020_thermal_demag_1
2020-10-07 22:36:37: CF-45a: TT  600 (Dn): Error writing backup file c:\Dropbox\Hargraves_Data\Keweenawan\Cutface\\2020_thermal_demag_1
2020-10-07 22:38:20: CF-46a: TT  600 (Dn): Error writing backup file c:\Dropbox\Hargraves_Data\Keweenawan\Cutface\\2020_thermal_demag_1
2020-10-07 22:38:21: CF-46a: TT  600 (Dn): Error writing backup file c:\Dropbox\Hargraves_Data\Keweenawan\Cutface\\2020_thermal_demag_1
2020-10-07 22:40:06: CF-47a: TT  600 (Dn): Error writing backup file c:\Dropbox\Hargraves_Data\Keweenawan\Cutface\\2020_thermal_demag_1
2020-10-07 22:40:08: CF-47a: TT  600 (Dn): Error writing backup file c:\Dropbox\Hargraves_Data\Keweenawan\Cutface\\2020_thermal_demag_1
2020-10-07 22:41:57: CF-48a: TT  600 (Dn): Error writing backup file c:\Dropbox\Hargraves_Data\Keweenawan\Cutface\\2020_thermal_demag_1
2020-10-07 22:41:58: CF-48a: TT  600 (Dn): Error writing backup file c:\Dropbox\Hargraves_Data\Keweenawan\Cutface\\2020_thermal_demag_1
2020-10-07 22:43:48: CF-49a: TT  600 (Dn): Error writing backup file c:\Dropbox\Hargraves_Data\Keweenawan\Cutface\\2020_thermal_demag_1
2020-10-07 22:43:50: CF-49a: TT  600 (Dn): Error writing backup file c:\Dropbox\Hargraves_Data\Keweenawan\Cutface\\2020_thermal_demag_1
2020-10-07 22:45:39: CF-50a: TT  600 (Dn): Error writing backup file c:\Dropbox\Hargraves_Data\Keweenawan\Cutface\\2020_thermal_demag_1
2020-10-07 22:45:40: CF-50a: TT  600 (Dn): Error writing backup file c:\Dropbox\Hargraves_Data\Keweenawan\Cutface\\2020_thermal_demag_1
2020-10-07 22:47:26: CF-51a: TT  600 (Dn): Error writing backup file c:\Dropbox\Hargraves_Data\Keweenawan\Cutface\\2020_thermal_demag_1
2020-10-07 22:47:27: CF-51a: TT  600 (Dn): Error writing backup file c:\Dropbox\Hargraves_Data\Keweenawan\Cutface\\2020_thermal_demag_1
2020-10-07 22:49:10: CF-52a: TT  600 (Dn): Error writing backup file c:\Dropbox\Hargraves_Data\Keweenawan\Cutface\\2020_thermal_demag_1
2020-10-07 22:49:12: CF-52a: TT  600 (Dn): Error writing backup file c:\Dropbox\Hargraves_Data\Keweenawan\Cutface\\2020_thermal_demag_1
2020-10-08 19:42:28: CF-22a: TT  610 (Up): Red
2020-10-08 20:59:37: CF-6a: TT  610 (Dn): Red
2020-10-08 21:38:14: CF-29a: TT  610 (Dn): Unacceptable slop on up/down motor moving from  -33 to -43936 at speed  80000000.    Target position: -43936  Current position: -3620    Execution has been paused. Please check machine.
2020-10-08 21:53:15: CF-29a: TT  610 (Dn): Hargraves Magnetometer is now operating at code Blue  
2020-10-09 08:46:02: CF-4a: TT  610 (Up): Red
2020-10-09 18:56:38: CF-50a: TT  620 (Up): Unacceptable slop on up/down motor moving from  -29 to -43932 at speed  80000000.    Target position: -43932  Current position: -3766    Execution has been paused. Please check machine.
2020-10-10 09:12:07: CF-50a: TT  620 (Up): Hargraves Magnetometer is now operating at code Blue  
2020-10-10 09:12:24: CF-50a: TT  620 (Up): Homed to top but did not hit switch.
2020-10-10 09:13:17: CF-50a: TT  620 (Up): Hargraves Magnetometer is now operating at code Blue  
2020-10-10 09:26:06: CF-2a: TT  620 (Dn): Red
2020-10-10 19:40:11: CF-2a: TT  630 (Up): Red
2020-10-10 19:43:54: CF-4a: TT  630 (Up): Red
2020-10-13 12:42:37: CF-22a: TT  640 (Up): Red
2020-10-13 12:47:20: CF-25a: TT  640 (Up): Unacceptable slop on up/down motor moving from  -33 to -44113 at speed  80000000.    Target position: -44113  Current position: -3713    Execution has been paused. Please check machine.
2020-10-13 12:52:22: CF-25a: TT  640 (Up): Hargraves Magnetometer is now operating at code Blue  
2020-10-13 12:52:40: CF-25a: TT  640 (Up): Homed to top but did not hit switch.
2020-10-13 12:53:43: CF-25a: TT  640 (Up): Hargraves Magnetometer is now operating at code Blue  
2020-10-13 12:54:32: CF-25a: TT  640 (Up): Red
2020-10-13 12:54:33: CF-25a: TT  640 (Up): Red
2020-10-13 12:54:34: CF-25a: TT  640 (Up): Red
2020-10-13 13:00:33: CF-29a: TT  640 (Up): Red
2020-10-13 13:49:09: CF-6a: TT  640 (Dn): Red
2020-10-13 14:00:14: CF-13a: TT  640 (Dn): Red
2020-10-16 15:17:28: CF-2a: TT  660 (Up): Red
2020-10-16 15:17:30: CF-2a: TT  660 (Up): Red
2020-10-16 16:37:15: CF-50a: TT  660 (Up): Red
2020-10-16 17:00:00: CF-7a: TT  660 (Dn): Red
2020-10-16 17:18:42: CF-17a: TT  660 (Dn): Red
2020-10-16 17:36:10: CF-26a: TT  660 (Dn): Red
2020-10-30 17:35:49: CF-22a: TT  668 (Up): Red
2020-10-30 18:43:48: CF-9a: TT  668 (Dn): Red
2020-10-30 19:20:43: CF-30a: TT  668 (Dn): Red
2020-11-08 23:57:30: CF-51a: NRM  672 (Up): Unacceptable slop on up/down motor moving from  -38 to -43844 at speed  80000000.    Target position: -43844  Current position: -4440    Execution has been paused. Please check machine.
2020-11-09 00:09:53: CF-51a: NRM  672 (Up): Hargraves Magnetometer is now operating at code Blue  
2020-11-09 01:00:43: CF-30a: NRM  672 (Dn): Unacceptable slop on up/down motor moving from  -39 to -44256 at speed  80000000.    Target position: -44256  Current position: -4075    Execution has been paused. Please check machine.
2020-11-09 09:21:50: CF-30a: NRM  672 (Dn): Hargraves Magnetometer is now operating at code Blue  
2020-11-09 09:34:35: CF-40a: NRM  672 (Dn): Unacceptable slop on up/down motor moving from  -39 to -43958 at speed  80000000.    Target position: -43958  Current position: -3644    Execution has been paused. Please check machine.
2020-11-09 09:35:16: CF-40a: NRM  672 (Dn): Hargraves Magnetometer is now operating at code Blue  
2020-11-09 09:50:53: CF-50a: NRM  672 (Dn): Unacceptable slop on up/down motor moving from  -37 to -44002 at speed  80000000.    Target position: -44002  Current position: -3663    Execution has been paused. Please check machine.
2020-11-09 09:56:11: CF-50a: NRM  672 (Dn): Hargraves Magnetometer is now operating at code Blue  
2020-11-15 17:57:10: CF-9a: TT  674 (Dn): Red
2020-11-15 18:23:06: CF-23a: TT  674 (Dn): Red
2020-11-15 23:50:10: CF-22a: TT  675 (Up): Red
2020-11-16 00:10:57: CF-36a: TT  675 (Up): Red
2020-11-19 09:21:45: CF-22a: TT  676 (Up): Unacceptable slop on up/down motor moving from  -29 to -44166 at speed  80000000.    Target position: -44166  Current position: -3370    Execution has been paused. Please check machine.
2020-11-19 09:32:12: CF-22a: TT  676 (Up): Hargraves Magnetometer is now operating at code Blue  
2020-11-19 09:33:15: CF-22a: TT  676 (Up): Homed to top but did not hit switch.
2020-11-19 09:34:03: CF-22a: TT  676 (Up): Hargraves Magnetometer is now operating at code Blue  
2020-11-19 15:45:38: CF-36a: TT  677 (Up): Red
2020-11-19 17:15:51: CF-7a: TT  677 (Dn): Red
2020-11-19 17:40:13: CF-21a: TT  677 (Dn): Red
2020-11-19 17:56:15: CF-30a: TT  677 (Dn): Red
2020-11-19 23:43:21: CF-21a: TT  678 (Dn): Red
2020-11-21 20:37:28: CF-11a: TT  679 (Up): Unacceptable slop on up/down motor moving from  -33 to -43982 at speed  80000000.    Target position: -43982  Current position: -3835    Execution has been paused. Please check machine.
2020-11-21 20:44:47: CF-11a: TT  679 (Up): Hargraves Magnetometer is now operating at code Blue  
2020-11-21 20:44:55: CF-11a: TT  679 (Up): Homed to top but did not hit switch.
2020-11-21 20:45:27: CF-11a: TT  679 (Up): Hargraves Magnetometer is now operating at code Blue  
2020-11-21 20:45:46: CF-11a: TT  679 (Up): Homed to top but did not hit switch.
2020-11-21 20:45:50: CF-11a: TT  679 (Up): Hargraves Magnetometer is now operating at code Blue  
2020-11-21 22:02:35: CF-36a: TT  679 (Up): Red
2020-11-22 10:12:12: CF-7a: TT  679 (Dn): Red
2020-11-22 11:13:34: CF-43a: TT  679 (Dn): Unacceptable slop on up/down motor moving from  -37 to -44030 at speed  80000000.    Target position: -44030  Current position: -3375    Execution has been paused. Please check machine.
2020-11-22 11:41:24: CF-43a: TT  679 (Dn): Hargraves Magnetometer is now operating at code Blue  
2020-11-22 11:43:21: CF-43a: TT  679 (Dn): Red
2020-11-22 11:45:25: CF-44a: TT  679 (Dn): Red
2020-11-22 14:59:29: CF-22a: TT  680 (Up): Red
2020-11-25 19:56:58: CF-8a: TT  682 (Up): Unacceptable slop on up/down motor moving from  -34 to -44434 at speed  80000000.    Target position: -44434  Current position: -4606    Execution has been paused. Please check machine.
2020-11-25 19:58:19: CF-8a: TT  682 (Up): Hargraves Magnetometer is now operating at code Blue  
2020-11-25 19:59:48: CF-8a: TT  682 (Up): Unacceptable slop on up/down motor moving from  -17 to -90734 at speed  30000000.    Target position: -90734  Current position: -90430    Execution has been paused. Please check machine.
2020-11-25 20:00:49: CF-8a: TT  682 (Up): Hargraves Magnetometer is now operating at code Blue  
2020-11-25 20:34:51: CF-40a: TT  682 (Up): Unacceptable slop on up/down motor moving from  -38 to -44059 at speed  80000000.    Target position: -44059  Current position: -3567    Execution has been paused. Please check machine.
2020-11-25 20:36:24: CF-40a: TT  682 (Up): Hargraves Magnetometer is now operating at code Blue  
2020-11-25 21:02:48: CF-40a: TT  682 (Up): Unacceptable slop on up/down motor moving from  -32 to -44068 at speed  80000000.    Target position: -44068  Current position: -3855    Execution has been paused. Please check machine.
2020-11-25 21:35:15: CF-40a: TT  682 (Up): Hargraves Magnetometer is now operating at code Blue  
2020-11-25 22:36:25: CF-49a: TT  682 (Dn): Unacceptable slop on up/down motor moving from  -29 to -44413 at speed  80000000.    Target position: -44413  Current position: -3667    Execution has been paused. Please check machine.
2020-11-26 19:12:28: CF-49a: TT  682 (Dn): Hargraves Magnetometer is now operating at code Blue  
