2021-01-09 11:47:45: CF-144a: NRM  0 (Up): Red
2021-01-09 11:59:26: CF-152a: NRM  0 (Up): Unacceptable slop on up/down motor moving from  -39 to -44267 at speed  80000000.    Target position: -44267  Current position: -26864    Execution has been paused. Please check machine.
2021-01-09 12:00:21: CF-152a: NRM  0 (Up): Hargraves Magnetometer is now operating at code Blue  
2021-01-09 12:30:11: CF-173a: NRM  0 (Up): Red
2021-01-09 12:43:19: CF-181a: NRM  0 (Up): Red
2021-01-09 13:03:14: CF-146a: NRM  0 (Dn): Red
2021-01-09 13:49:40: CF-178a: NRM  0 (Dn): Red
2021-01-09 15:23:22: CF-144a: TT  100 (Up): Red
2021-01-09 15:27:05: CF-146a: TT  100 (Up): Red
2021-01-09 15:30:40: CF-148a: TT  100 (Up): Red
2021-01-09 15:32:53: CF-149a: TT  100 (Up): Red
2021-01-09 16:11:08: CF-172a: TT  100 (Up): Unacceptable slop on up/down motor moving from  -36 to -44140 at speed  80000000.    Target position: -44140  Current position: -3765    Execution has been paused. Please check machine.
2021-01-09 16:12:29: CF-172a: TT  100 (Up): Hargraves Magnetometer is now operating at code Blue  
2021-01-09 16:18:05: CF-174a: TT  100 (Up): Red
2021-01-09 16:28:23: CF-181a: TT  100 (Up): Red
2021-01-09 17:03:56: CF-151a: TT  100 (Dn): Red
2021-01-09 17:14:22: CF-157a: TT  100 (Dn): Red
2021-01-09 17:18:43: CF-160a: TT  100 (Dn): Red
2021-01-09 17:41:03: CF-175a: TT  100 (Dn): Red
2021-01-10 11:08:45: CF-144a: TT  200 (Up): Red
2021-01-10 11:35:59: CF-160a: TT  200 (Up): Red
2021-01-10 12:25:34: CF-186a: TT  200 (Up): Red
2021-01-10 13:09:50: CF-157a: TT  200 (Dn): Red
2021-01-10 16:42:57: CF-181a: TT  300 (Up): Red
2021-01-10 17:22:13: CF-154a: TT  300 (Dn): Red
2021-01-10 19:55:01: CF-152a: TT  400 (Up): Unacceptable slop on up/down motor moving from  -38 to -44268 at speed  80000000.    Target position: -44268  Current position: -5147    Execution has been paused. Please check machine.
2021-01-11 09:03:23: CF-152a: TT  400 (Up): Hargraves Magnetometer is now operating at code Blue  
2021-01-11 09:33:22: CF-169a: TT  400 (Up): Unacceptable slop on up/down motor moving from  -35 to -44309 at speed  80000000.    Target position: -44309  Current position: -26833    Execution has been paused. Please check machine.
2021-01-11 12:30:09: CF-169a: TT  400 (Up): Hargraves Magnetometer is now operating at code Blue  
2021-01-11 14:11:05: CF-175a: TT  400 (Dn): Unacceptable slop on up/down motor moving from  -41 to -44070 at speed  80000000.    Target position: -44070  Current position: -3909    Execution has been paused. Please check machine.
2021-01-11 14:34:23: CF-175a: TT  400 (Dn): Hargraves Magnetometer is now operating at code Blue  
2021-01-11 17:05:48: CF-152a: TT  450 (Up): Unacceptable slop on up/down motor moving from  -35 to -44275 at speed  80000000.    Target position: -44275  Current position: -5309    Execution has been paused. Please check machine.
2021-01-11 17:24:44: CF-152a: TT  450 (Up): Hargraves Magnetometer is now operating at code Blue  
2021-01-11 17:50:15: CF-169a: TT  450 (Up): Unacceptable slop on up/down motor moving from  -41 to -44306 at speed  80000000.    Target position: -44306  Current position: -4625    Execution has been paused. Please check machine.
2021-01-11 18:00:22: CF-169a: TT  450 (Up): Hargraves Magnetometer is now operating at code Blue  
2021-01-12 14:14:13: CF-169a: TT  500 (Up): Unacceptable slop on up/down motor moving from  -36 to -44304 at speed  80000000.    Target position: -44304  Current position: -4918    Execution has been paused. Please check machine.
2021-01-12 14:17:31: CF-169a: TT  500 (Up): Hargraves Magnetometer is now operating at code Blue  
2021-01-12 18:19:30: CF-152a: TT  525 (Up): Unacceptable slop on up/down motor moving from  -42 to -44273 at speed  80000000.    Target position: -44273  Current position: -27120    Execution has been paused. Please check machine.
2021-01-12 18:20:42: CF-152a: TT  525 (Up): Hargraves Magnetometer is now operating at code Blue  
2021-01-12 18:28:26: CF-156a: TT  525 (Up): Red
2021-01-12 19:08:32: CF-185a: TT  525 (Up): Unacceptable slop on up/down motor moving from  -41 to -44020 at speed  80000000.    Target position: -44020  Current position: -3766    Execution has been paused. Please check machine.
2021-01-12 19:31:33: CF-185a: TT  525 (Up): Hargraves Magnetometer is now operating at code Blue  
2021-01-13 13:25:32: CF-152a: TT  550 (Up): Unacceptable slop on up/down motor moving from  -41 to -44273 at speed  80000000.    Target position: -44273  Current position: -4682    Execution has been paused. Please check machine.
2021-01-13 13:26:42: CF-152a: TT  550 (Up): Hargraves Magnetometer is now operating at code Blue  
2021-01-13 13:52:08: CF-169a: TT  550 (Up): Unacceptable slop on up/down motor moving from  -43 to -44304 at speed  80000000.    Target position: -44304  Current position: -4643    Execution has been paused. Please check machine.
2021-01-13 14:02:11: CF-169a: TT  550 (Up): Hargraves Magnetometer is now operating at code Blue  
2021-01-19 18:39:38: CF-163a: TT  560 (Up): Unacceptable slop on up/down motor moving from  -44 to -44242 at speed  80000000.    Target position: -44242  Current position: -26728    Execution has been paused. Please check machine.
2021-01-19 18:42:12: CF-163a: TT  560 (Up): Hargraves Magnetometer is now operating at code Blue  
2021-01-19 18:50:23: CF-169a: TT  560 (Up): Unacceptable slop on up/down motor moving from  -43 to -44301 at speed  80000000.    Target position: -44301  Current position: -4467    Execution has been paused. Please check machine.
2021-01-19 18:52:23: CF-169a: TT  560 (Up): Hargraves Magnetometer is now operating at code Blue  
2021-01-19 19:07:30: CF-179a: TT  560 (Up): Unacceptable slop on up/down motor moving from  -44 to -44133 at speed  80000000.    Target position: -44133  Current position: -3938    Execution has been paused. Please check machine.
2021-01-19 19:08:19: CF-179a: TT  560 (Up): Hargraves Magnetometer is now operating at code Blue  
2021-01-19 19:10:04: CF-180a: TT  560 (Up): Unacceptable slop on up/down motor moving from  -41 to -45670 at speed  80000000.    Target position: -45670  Current position: -1168    Execution has been paused. Please check machine.
2021-01-19 19:24:00: CF-180a: TT  560 (Up): Hargraves Magnetometer is now operating at code Blue  
2021-01-19 21:04:55: CF-169a: TT  560 (Up): Unacceptable slop on up/down motor moving from  -42 to -44399 at speed  80000000.    Target position: -44399  Current position: -26820    Execution has been paused. Please check machine.
2021-01-20 09:34:11: CF-169a: TT  560 (Up): Hargraves Magnetometer is now operating at code Blue  
2021-01-23 16:06:50: CF-165a: TT  560 (Dn): Unacceptable slop on up/down motor moving from  -49081 to -95123 at speed  30000000.    Target position: -95123  Current position: -94971    Execution has been paused. Please check machine.
2021-01-23 17:00:10: CF-165a: TT  560 (Dn): Hargraves Magnetometer is now operating at code Blue  
2021-01-23 17:06:48: CF-165a: : Homed to top but did not hit switch.
2021-01-23 17:07:49: CF-165a: : Hargraves Magnetometer is now operating at code Blue  
2021-01-23 18:48:50: CF-143a: TT  560 (Up): Unacceptable slop on up/down motor moving from  -66458 to -112727 at speed  30000000.    Target position: -112727  Current position: -105317    Execution has been paused. Please check machine.
2021-01-23 18:49:05: CF-143a: TT  560 (Up): Hargraves Magnetometer is now operating at code Blue  
2021-01-24 19:21:24: CF-185a: TT  570 (Dn): Unacceptable slop on up/down motor moving from  -33 to -44011 at speed  80000000.    Target position: -44011  Current position: -3863    Execution has been paused. Please check machine.
2021-01-24 20:31:12: CF-185a: TT  570 (Dn): Hargraves Magnetometer is now operating at code Blue  
2021-01-24 20:32:34: CF-186a: : Homed to top but did not hit switch.
2021-01-24 20:36:49: CF-186a: : Hargraves Magnetometer is now operating at code Blue  
2021-01-31 10:23:48: CF-163a: TT  600 (Up): Unacceptable slop on up/down motor moving from  -30 to -44229 at speed  80000000.    Target position: -44229  Current position: -4327    Execution has been paused. Please check machine.
2021-01-31 10:40:25: CF-163a: TT  600 (Up): Hargraves Magnetometer is now operating at code Blue  
2021-01-31 17:37:26: CF-169a: TT  610 (Up): Unacceptable slop on up/down motor moving from  -27 to -44263 at speed  80000000.    Target position: -44263  Current position: -5086    Execution has been paused. Please check machine.
2021-01-31 18:31:33: CF-169a: TT  610 (Up): Hargraves Magnetometer is now operating at code Blue  
2021-01-31 18:42:29: CF-177a: TT  610 (Up): Unacceptable slop on turning motor from   .045degrees to  90 degrees.    Target position:  2000  Current position:  81    Execution has been paused. Please check machine.
2021-01-31 18:44:32: CF-177a: TT  610 (Up): Hargraves Magnetometer is now operating at code Blue  
2021-01-31 18:44:49: CF-177a: TT  610 (Up): Unacceptable slop on turning motor from   3.6degrees to  180 degrees.    Target position:  4000  Current position:  80    Execution has been paused. Please check machine.
2021-01-31 18:44:55: CF-177a: TT  610 (Up): Hargraves Magnetometer is now operating at code Blue  
2021-01-31 19:47:45: CF-143a: TT  610 (Dn): Unacceptable slop on up/down motor moving from  -32 to -44345 at speed  80000000.    Target position: -44345  Current position: -5141    Execution has been paused. Please check machine.
2021-01-31 19:50:50: CF-143a: TT  610 (Dn): Hargraves Magnetometer is now operating at code Blue  
2021-02-02 12:57:35: CF-169a: TT  620 (Up): Unacceptable slop on up/down motor moving from  -30 to -44264 at speed  80000000.    Target position: -44264  Current position: -4929    Execution has been paused. Please check machine.
2021-02-02 12:58:31: CF-169a: TT  620 (Up): Hargraves Magnetometer is now operating at code Blue  
2021-02-02 15:06:05: CF-153a: TT  620 (Dn): Red
2021-02-02 15:35:19: CF-175a: TT  620 (Up): Red
2021-02-07 12:19:42: CF-163a: TT  668 (Up): Unacceptable slop on up/down motor moving from  -34 to -44215 at speed  80000000.    Target position: -44215  Current position: -4149    Execution has been paused. Please check machine.
2021-02-07 12:24:01: CF-163a: TT  668 (Up): Hargraves Magnetometer is now operating at code Blue  
2021-02-09 16:30:13: CF-153a: NRM  672 (Up): Unacceptable slop on up/down motor moving from  -33 to -44147 at speed  80000000.    Target position: -44147  Current position: -3806    Execution has been paused. Please check machine.
2021-02-09 16:32:59: CF-153a: NRM  672 (Up): Hargraves Magnetometer is now operating at code Blue  
2021-02-09 16:47:05: CF-163a: NRM  672 (Up): Unacceptable slop on up/down motor moving from  -34 to -44211 at speed  80000000.    Target position: -44211  Current position: -4783    Execution has been paused. Please check machine.
2021-02-09 17:08:31: CF-163a: NRM  672 (Up): Hargraves Magnetometer is now operating at code Blue  
2021-02-10 10:16:04: CF-153a: NRM  672 (Up): Unacceptable slop on up/down motor moving from  -33 to -44094 at speed  80000000.    Target position: -44094  Current position: -3762    Execution has been paused. Please check machine.
2021-02-10 10:16:57: CF-153a: NRM  672 (Up): Hargraves Magnetometer is now operating at code Blue  
2021-02-11 16:23:40: CF-163a: TT  674 (Up): Unacceptable slop on up/down motor moving from  -32 to -44201 at speed  80000000.    Target position: -44201  Current position: -4239    Execution has been paused. Please check machine.
2021-02-11 16:56:08: CF-163a: TT  674 (Up): Hargraves Magnetometer is now operating at code Blue  
2021-02-13 12:05:32: CF-153a: TT  678 (Up): Unacceptable slop on up/down motor moving from  -31 to -44130 at speed  80000000.    Target position: -44130  Current position: -3944    Execution has been paused. Please check machine.
2021-02-13 12:06:01: CF-153a: TT  678 (Up): Hargraves Magnetometer is now operating at code Blue  
2021-02-13 16:07:11: CF-185a: TT  680 (Up): Unacceptable slop on up/down motor moving from  -37 to -43995 at speed  80000000.    Target position: -43995  Current position: -3642    Execution has been paused. Please check machine.
2021-02-13 16:10:36: CF-185a: TT  680 (Up): Hargraves Magnetometer is now operating at code Blue  
